#
# There is insufficient memory for the Java Runtime Environment to continue.
# Native memory allocation (malloc) failed to allocate 564736 bytes for Chunk::new
# Possible reasons:
#   The system is out of physical RAM or swap space
#   The process is running with CompressedOops enabled, and the Java Heap may be blocking the growth of the native heap
# Possible solutions:
#   Reduce memory load on the system
#   Increase physical memory or swap space
#   Check if swap backing store is full
#   Decrease Java heap size (-Xmx/-Xms)
#   Decrease number of Java threads
#   Decrease Java thread stack sizes (-Xss)
#   Set larger code cache with -XX:ReservedCodeCacheSize=
#   JVM is running with Unscaled Compressed Oops mode in which the Java heap is
#     placed in the first 4GB address space. The Java Heap base address is the
#     maximum limit for the native heap growth. Please use -XX:HeapBaseMinAddress
#     to set the Java Heap base and to place the Java Heap above 4GB virtual address.
# This output file may be truncated or incomplete.
#
#  Out of Memory Error (allocation.cpp:389), pid=27932, tid=0x0000000000005aac
#
# JRE version: OpenJDK Runtime Environment (8.0_242-b01) (build 1.8.0_242-release-1644-b01)
# Java VM: OpenJDK 64-Bit Server VM (25.242-b01 mixed mode windows-amd64 compressed oops)
# Failed to write core dump. Minidumps are not enabled by default on client versions of Windows
#

---------------  T H R E A D  ---------------

Current thread (0x0000000019345800):  JavaThread "C2 CompilerThread1" daemon [_thread_in_native, id=23212, stack(0x0000000019d10000,0x0000000019e10000)]

Stack: [0x0000000019d10000,0x0000000019e10000]
[error occurred during error reporting (printing stack bounds), id 0xc0000005]

Native frames: (J=compiled Java code, j=interpreted, Vv=VM code, C=native code)


Current CompileTask:
C2:2226163 13981   !   4       com.sun.tools.javac.parser.JavaTokenizer::readToken (2243 bytes)


---------------  P R O C E S S  ---------------

Java Threads: ( => current thread )
  0x00000000217be000 JavaThread "Cache worker for Java compile cache (D:\1. Ongoing Stuff\Topik khusus mdi\project\sipandu-mobile\.gradle\6.5\javaCompile)" [_thread_blocked, id=28668, stack(0x0000000030280000,0x0000000030380000)]
  0x0000000021930000 JavaThread "Cache worker for Java compile cache (C:\Users\Bagus Wiryadika\.gradle\caches\6.5\javaCompile)" [_thread_blocked, id=31004, stack(0x000000002ea40000,0x000000002eb40000)]
  0x00000000217c4000 JavaThread "WorkerExecutor Queue Thread 8" [_thread_blocked, id=5488, stack(0x000000002ff80000,0x0000000030080000)]
  0x00000000217c3800 JavaThread "WorkerExecutor Queue Thread 7" [_thread_blocked, id=30076, stack(0x000000002f040000,0x000000002f140000)]
  0x00000000217ca000 JavaThread "stdout" [_thread_in_native, id=3184, stack(0x000000002fc80000,0x000000002fd80000)]
  0x00000000217c5800 JavaThread "stderr" [_thread_in_native, id=26988, stack(0x000000002fb80000,0x000000002fc80000)]
  0x00000000217c2800 JavaThread "stdout" [_thread_in_native, id=31052, stack(0x000000002fa80000,0x000000002fb80000)]
  0x00000000217c9800 JavaThread "stderr" [_thread_in_native, id=32412, stack(0x000000002f980000,0x000000002fa80000)]
  0x00000000217c8800 JavaThread "stdout" [_thread_in_native, id=30520, stack(0x000000002f880000,0x000000002f980000)]
  0x00000000217c8000 JavaThread "stderr" [_thread_in_native, id=32232, stack(0x000000002f780000,0x000000002f880000)]
  0x00000000217c7000 JavaThread "stdout" [_thread_in_native, id=30852, stack(0x000000002f680000,0x000000002f780000)]
  0x00000000217c6800 JavaThread "stdout" [_thread_in_native, id=9388, stack(0x000000002f580000,0x000000002f680000)]
  0x00000000217c5000 JavaThread "stderr" [_thread_in_native, id=23416, stack(0x000000002f480000,0x000000002f580000)]
  0x00000000217bb000 JavaThread "stderr" [_thread_in_native, id=17460, stack(0x000000002f380000,0x000000002f480000)]
  0x00000000217c0800 JavaThread "stdout" [_thread_in_native, id=28440, stack(0x000000002f280000,0x000000002f380000)]
  0x00000000217bd800 JavaThread "stderr" [_thread_in_native, id=26008, stack(0x000000002f180000,0x000000002f280000)]
  0x00000000217bc000 JavaThread "pool-4-thread-1" [_thread_blocked, id=19488, stack(0x000000002ef40000,0x000000002f040000)]
  0x00000000217bf000 JavaThread "WorkerExecutor Queue Thread 6" [_thread_blocked, id=18572, stack(0x000000002ec40000,0x000000002ed40000)]
  0x00000000217c2000 JavaThread "WorkerExecutor Queue Thread 5" [_thread_blocked, id=23568, stack(0x000000002eb40000,0x000000002ec40000)]
  0x00000000217bc800 JavaThread "WorkerExecutor Queue Thread 3" [_thread_blocked, id=30092, stack(0x000000002e940000,0x000000002ea40000)]
  0x00000000217c1000 JavaThread "WorkerExecutor Queue Thread 2" [_thread_blocked, id=7952, stack(0x000000002e840000,0x000000002e940000)]
  0x000000001e7f3000 JavaThread "WorkerExecutor Queue" [_thread_blocked, id=29308, stack(0x000000002e740000,0x000000002e840000)]
  0x000000001e7f7000 JavaThread "Cache worker for execution history cache (D:\1. Ongoing Stuff\Topik khusus mdi\project\sipandu-mobile\.gradle\6.5\executionHistory)" [_thread_blocked, id=26704, stack(0x000000002e640000,0x000000002e740000)]
  0x000000001e7f4800 JavaThread "Execution worker for ':' Thread 7" [_thread_blocked, id=31740, stack(0x000000002e540000,0x000000002e640000)]
  0x000000001e7f6000 JavaThread "Execution worker for ':' Thread 6" [_thread_blocked, id=18732, stack(0x000000002e440000,0x000000002e540000)]
  0x000000001e7f4000 JavaThread "Execution worker for ':' Thread 5" [_thread_blocked, id=31584, stack(0x000000002e340000,0x000000002e440000)]
  0x000000001e574800 JavaThread "Execution worker for ':' Thread 4" [_thread_blocked, id=23364, stack(0x000000002da20000,0x000000002db20000)]
  0x000000001e573800 JavaThread "Execution worker for ':' Thread 3" [_thread_blocked, id=11580, stack(0x000000002d850000,0x000000002d950000)]
  0x000000001e573000 JavaThread "Execution worker for ':' Thread 2" [_thread_blocked, id=23952, stack(0x000000002d340000,0x000000002d440000)]
  0x000000001e572000 JavaThread "Execution worker for ':'" [_thread_blocked, id=10568, stack(0x000000002ce30000,0x000000002cf30000)]
  0x000000001e570000 JavaThread "Cache worker for file content cache (D:\1. Ongoing Stuff\Topik khusus mdi\project\sipandu-mobile\.gradle\6.5\fileContent)" [_thread_blocked, id=7736, stack(0x000000002a3a0000,0x000000002a4a0000)]
  0x000000001e571800 JavaThread "Cache worker for Build Output Cleanup Cache (D:\1. Ongoing Stuff\Topik khusus mdi\project\sipandu-mobile\.gradle\buildOutputCleanup)" [_thread_blocked, id=3216, stack(0x000000002a2a0000,0x000000002a3a0000)]
  0x000000001e570800 JavaThread "jar transforms Thread 184" [_thread_blocked, id=32228, stack(0x000000002a1a0000,0x000000002a2a0000)]
  0x000000001e56f000 JavaThread "jar transforms Thread 183" [_thread_blocked, id=25280, stack(0x000000002a0a0000,0x000000002a1a0000)]
  0x000000001e567800 JavaThread "jar transforms Thread 182" [_thread_blocked, id=25812, stack(0x0000000029fa0000,0x000000002a0a0000)]
  0x000000001e56d800 JavaThread "jar transforms Thread 181" [_thread_blocked, id=28228, stack(0x0000000029ea0000,0x0000000029fa0000)]
  0x000000001e56e800 JavaThread "jar transforms Thread 180" [_thread_blocked, id=17968, stack(0x0000000029da0000,0x0000000029ea0000)]
  0x000000001e566000 JavaThread "jar transforms Thread 179" [_thread_blocked, id=28156, stack(0x0000000029ca0000,0x0000000029da0000)]
  0x000000001e56b800 JavaThread "jar transforms Thread 178" [_thread_blocked, id=18888, stack(0x0000000029ba0000,0x0000000029ca0000)]
  0x000000001e56d000 JavaThread "jar transforms Thread 177" [_thread_blocked, id=31084, stack(0x0000000029aa0000,0x0000000029ba0000)]
  0x000000001e569000 JavaThread "jar transforms Thread 176" [_thread_blocked, id=32500, stack(0x00000000299a0000,0x0000000029aa0000)]
  0x000000001e568800 JavaThread "jar transforms Thread 175" [_thread_blocked, id=19668, stack(0x00000000298a0000,0x00000000299a0000)]
  0x000000001e565800 JavaThread "jar transforms Thread 174" [_thread_blocked, id=30068, stack(0x00000000297a0000,0x00000000298a0000)]
  0x000000001e567000 JavaThread "jar transforms Thread 173" [_thread_blocked, id=17112, stack(0x00000000296a0000,0x00000000297a0000)]
  0x000000001e56c000 JavaThread "jar transforms Thread 172" [_thread_blocked, id=32588, stack(0x00000000295a0000,0x00000000296a0000)]
  0x000000001e56a800 JavaThread "jar transforms Thread 171" [_thread_blocked, id=29444, stack(0x00000000294a0000,0x00000000295a0000)]
  0x000000001e56a000 JavaThread "jar transforms Thread 170" [_thread_blocked, id=30952, stack(0x00000000293a0000,0x00000000294a0000)]
  0x0000000020313000 JavaThread "jar transforms Thread 169" [_thread_blocked, id=29760, stack(0x00000000292a0000,0x00000000293a0000)]
  0x0000000020319000 JavaThread "jar transforms Thread 168" [_thread_blocked, id=18584, stack(0x00000000291a0000,0x00000000292a0000)]
  0x0000000020314000 JavaThread "jar transforms Thread 167" [_thread_blocked, id=32580, stack(0x00000000290a0000,0x00000000291a0000)]
  0x0000000020318800 JavaThread "jar transforms Thread 166" [_thread_blocked, id=24836, stack(0x0000000028fa0000,0x00000000290a0000)]
  0x0000000020315800 JavaThread "jar transforms Thread 165" [_thread_blocked, id=18556, stack(0x0000000028ea0000,0x0000000028fa0000)]
  0x0000000020314800 JavaThread "jar transforms Thread 164" [_thread_blocked, id=25784, stack(0x0000000028da0000,0x0000000028ea0000)]
  0x0000000020316000 JavaThread "jar transforms Thread 163" [_thread_blocked, id=11072, stack(0x0000000028ca0000,0x0000000028da0000)]
  0x0000000020317800 JavaThread "jar transforms Thread 162" [_thread_blocked, id=28588, stack(0x0000000028ba0000,0x0000000028ca0000)]
  0x0000000020317000 JavaThread "jar transforms Thread 161" [_thread_blocked, id=27452, stack(0x0000000028aa0000,0x0000000028ba0000)]
  0x000000002030b800 JavaThread "jar transforms Thread 160" [_thread_blocked, id=31648, stack(0x00000000289a0000,0x0000000028aa0000)]
  0x0000000020312800 JavaThread "jar transforms Thread 159" [_thread_blocked, id=32272, stack(0x00000000288a0000,0x00000000289a0000)]
  0x0000000020311000 JavaThread "jar transforms Thread 158" [_thread_blocked, id=28312, stack(0x00000000287a0000,0x00000000288a0000)]
  0x000000002030f000 JavaThread "jar transforms Thread 157" [_thread_blocked, id=32548, stack(0x00000000286a0000,0x00000000287a0000)]
  0x0000000020310000 JavaThread "jar transforms Thread 156" [_thread_blocked, id=30268, stack(0x00000000284a0000,0x00000000285a0000)]
  0x000000002030e800 JavaThread "jar transforms Thread 155" [_thread_blocked, id=25604, stack(0x00000000283a0000,0x00000000284a0000)]
  0x0000000020311800 JavaThread "jar transforms Thread 154" [_thread_blocked, id=31068, stack(0x00000000282a0000,0x00000000283a0000)]
  0x000000002030a800 JavaThread "jar transforms Thread 153" [_thread_blocked, id=28724, stack(0x00000000281a0000,0x00000000282a0000)]
  0x000000002030d000 JavaThread "jar transforms Thread 152" [_thread_blocked, id=29872, stack(0x00000000280a0000,0x00000000281a0000)]
  0x000000002030a000 JavaThread "jar transforms Thread 151" [_thread_blocked, id=26892, stack(0x0000000027fa0000,0x00000000280a0000)]
  0x000000002030d800 JavaThread "jar transforms Thread 150" [_thread_blocked, id=31436, stack(0x0000000027ea0000,0x0000000027fa0000)]
  0x000000002030c000 JavaThread "jar transforms Thread 149" [_thread_blocked, id=12080, stack(0x0000000027da0000,0x0000000027ea0000)]
  0x000000001b19d000 JavaThread "jar transforms Thread 148" [_thread_blocked, id=12848, stack(0x0000000027ca0000,0x0000000027da0000)]
  0x000000001b19b800 JavaThread "jar transforms Thread 147" [_thread_blocked, id=12460, stack(0x0000000027ba0000,0x0000000027ca0000)]
  0x000000001b19f000 JavaThread "jar transforms Thread 146" [_thread_blocked, id=15164, stack(0x0000000027aa0000,0x0000000027ba0000)]
  0x000000001b1a1800 JavaThread "jar transforms Thread 145" [_thread_blocked, id=32184, stack(0x00000000279a0000,0x0000000027aa0000)]
  0x000000001b1a0800 JavaThread "jar transforms Thread 144" [_thread_blocked, id=30924, stack(0x00000000278a0000,0x00000000279a0000)]
  0x000000001b19d800 JavaThread "jar transforms Thread 143" [_thread_blocked, id=26272, stack(0x00000000277a0000,0x00000000278a0000)]
  0x000000001b1a2800 JavaThread "jar transforms Thread 142" [_thread_blocked, id=25156, stack(0x00000000276a0000,0x00000000277a0000)]
  0x000000001b19c000 JavaThread "jar transforms Thread 141" [_thread_blocked, id=24960, stack(0x00000000275a0000,0x00000000276a0000)]
  0x000000002193b000 JavaThread "jar transforms Thread 140" [_thread_blocked, id=3356, stack(0x00000000274a0000,0x00000000275a0000)]
  0x0000000021939800 JavaThread "jar transforms Thread 139" [_thread_blocked, id=30904, stack(0x00000000273a0000,0x00000000274a0000)]
  0x0000000021939000 JavaThread "jar transforms Thread 138" [_thread_blocked, id=6348, stack(0x00000000272a0000,0x00000000273a0000)]
  0x0000000021937800 JavaThread "jar transforms Thread 137" [_thread_blocked, id=32692, stack(0x00000000271a0000,0x00000000272a0000)]
  0x0000000021936800 JavaThread "jar transforms Thread 136" [_thread_blocked, id=31296, stack(0x00000000270a0000,0x00000000271a0000)]
  0x0000000021936000 JavaThread "jar transforms Thread 135" [_thread_blocked, id=29596, stack(0x0000000026fa0000,0x00000000270a0000)]
  0x000000002193a800 JavaThread "jar transforms Thread 134" [_thread_blocked, id=12540, stack(0x0000000026ea0000,0x0000000026fa0000)]
  0x0000000021935000 JavaThread "jar transforms Thread 133" [_thread_blocked, id=31640, stack(0x0000000026da0000,0x0000000026ea0000)]
  0x0000000021938000 JavaThread "jar transforms Thread 132" [_thread_blocked, id=19344, stack(0x0000000026ca0000,0x0000000026da0000)]
  0x0000000021934800 JavaThread "jar transforms Thread 131" [_thread_blocked, id=6464, stack(0x0000000026ba0000,0x0000000026ca0000)]
  0x000000002192d000 JavaThread "jar transforms Thread 130" [_thread_blocked, id=28480, stack(0x0000000026aa0000,0x0000000026ba0000)]
  0x000000002192d800 JavaThread "jar transforms Thread 129" [_thread_blocked, id=32108, stack(0x00000000269a0000,0x0000000026aa0000)]
  0x0000000021933800 JavaThread "jar transforms Thread 128" [_thread_blocked, id=32368, stack(0x00000000268a0000,0x00000000269a0000)]
  0x0000000021931800 JavaThread "jar transforms Thread 127" [_thread_blocked, id=16140, stack(0x00000000267a0000,0x00000000268a0000)]
  0x00000000196a0800 JavaThread "jar transforms Thread 126" [_thread_blocked, id=10812, stack(0x00000000266a0000,0x00000000267a0000)]
  0x000000001969c800 JavaThread "jar transforms Thread 125" [_thread_blocked, id=18428, stack(0x00000000265a0000,0x00000000266a0000)]
  0x000000001969a000 JavaThread "jar transforms Thread 124" [_thread_blocked, id=8272, stack(0x00000000264a0000,0x00000000265a0000)]
  0x000000001969d800 JavaThread "jar transforms Thread 123" [_thread_blocked, id=32040, stack(0x00000000263a0000,0x00000000264a0000)]
  0x000000001969c000 JavaThread "jar transforms Thread 122" [_thread_blocked, id=12304, stack(0x00000000262a0000,0x00000000263a0000)]
  0x00000000196a1000 JavaThread "jar transforms Thread 121" [_thread_blocked, id=25968, stack(0x00000000261a0000,0x00000000262a0000)]
  0x0000000019692800 JavaThread "jar transforms Thread 120" [_thread_blocked, id=32728, stack(0x00000000260a0000,0x00000000261a0000)]
  0x0000000019699800 JavaThread "jar transforms Thread 119" [_thread_blocked, id=24936, stack(0x0000000025fa0000,0x00000000260a0000)]
  0x0000000019698800 JavaThread "jar transforms Thread 118" [_thread_blocked, id=6916, stack(0x0000000025ea0000,0x0000000025fa0000)]
  0x0000000019693800 JavaThread "jar transforms Thread 117" [_thread_blocked, id=14604, stack(0x0000000025da0000,0x0000000025ea0000)]
  0x0000000019696800 JavaThread "jar transforms Thread 116" [_thread_blocked, id=26420, stack(0x0000000025ca0000,0x0000000025da0000)]
  0x0000000019695000 JavaThread "jar transforms Thread 115" [_thread_blocked, id=31536, stack(0x0000000025ba0000,0x0000000025ca0000)]
  0x0000000019694000 JavaThread "jar transforms Thread 114" [_thread_blocked, id=12364, stack(0x0000000025aa0000,0x0000000025ba0000)]
  0x0000000019698000 JavaThread "jar transforms Thread 113" [_thread_blocked, id=28676, stack(0x00000000259a0000,0x0000000025aa0000)]
  0x0000000019695800 JavaThread "jar transforms Thread 112" [_thread_blocked, id=29608, stack(0x00000000258a0000,0x00000000259a0000)]
  0x0000000019697000 JavaThread "jar transforms Thread 111" [_thread_blocked, id=18808, stack(0x00000000257a0000,0x00000000258a0000)]
  0x000000001ed2a000 JavaThread "jar transforms Thread 110" [_thread_blocked, id=32532, stack(0x00000000256a0000,0x00000000257a0000)]
  0x000000001ed2e800 JavaThread "jar transforms Thread 109" [_thread_blocked, id=31148, stack(0x00000000255a0000,0x00000000256a0000)]
  0x000000001ed2b000 JavaThread "jar transforms Thread 108" [_thread_blocked, id=17824, stack(0x00000000254a0000,0x00000000255a0000)]
  0x000000001ed28800 JavaThread "jar transforms Thread 107" [_thread_blocked, id=23896, stack(0x00000000253a0000,0x00000000254a0000)]
  0x000000001ed2e000 JavaThread "jar transforms Thread 106" [_thread_blocked, id=9324, stack(0x0000000023ab0000,0x0000000023bb0000)]
  0x000000001ed29000 JavaThread "jar transforms Thread 105" [_thread_blocked, id=30992, stack(0x00000000231b0000,0x00000000232b0000)]
  0x000000001ed2d000 JavaThread "jar transforms Thread 104" [_thread_blocked, id=10164, stack(0x00000000230b0000,0x00000000231b0000)]
  0x000000001ed2b800 JavaThread "jar transforms Thread 103" [_thread_blocked, id=31844, stack(0x0000000022fb0000,0x00000000230b0000)]
  0x000000001ed27800 JavaThread "jar transforms Thread 102" [_thread_blocked, id=21732, stack(0x0000000022bb0000,0x0000000022cb0000)]
  0x000000001ed2c800 JavaThread "jar transforms Thread 101" [_thread_blocked, id=13128, stack(0x0000000022ab0000,0x0000000022bb0000)]
  0x000000001ed20000 JavaThread "jar transforms Thread 100" [_thread_blocked, id=31044, stack(0x00000000229b0000,0x0000000022ab0000)]
  0x000000001ed27000 JavaThread "jar transforms Thread 99" [_thread_blocked, id=32256, stack(0x00000000228b0000,0x00000000229b0000)]
  0x000000001ed22800 JavaThread "jar transforms Thread 98" [_thread_blocked, id=22432, stack(0x00000000227b0000,0x00000000228b0000)]
  0x000000001ed1f800 JavaThread "jar transforms Thread 97" [_thread_blocked, id=27936, stack(0x00000000226b0000,0x00000000227b0000)]
  0x000000001ed26000 JavaThread "jar transforms Thread 96" [_thread_blocked, id=12716, stack(0x00000000225b0000,0x00000000226b0000)]
  0x000000001ed24800 JavaThread "jar transforms Thread 95" [_thread_blocked, id=30448, stack(0x00000000224b0000,0x00000000225b0000)]
  0x000000001ed23000 JavaThread "jar transforms Thread 94" [_thread_blocked, id=15316, stack(0x00000000223b0000,0x00000000224b0000)]
  0x000000001ed21000 JavaThread "jar transforms Thread 93" [_thread_blocked, id=31088, stack(0x00000000206d0000,0x00000000207d0000)]
  0x000000001ed21800 JavaThread "Build operations Thread 8" [_thread_blocked, id=31704, stack(0x00000000222b0000,0x00000000223b0000)]
  0x0000000021cc3800 JavaThread "Build operations Thread 7" [_thread_blocked, id=23148, stack(0x00000000221b0000,0x00000000222b0000)]
  0x0000000021cc3000 JavaThread "Build operations Thread 6" [_thread_blocked, id=14720, stack(0x00000000220b0000,0x00000000221b0000)]
  0x0000000021cc7800 JavaThread "Build operations Thread 5" [_thread_blocked, id=15420, stack(0x0000000021ce0000,0x0000000021de0000)]
  0x0000000021cc6800 JavaThread "Build operations Thread 4" [_thread_blocked, id=28128, stack(0x0000000020af0000,0x0000000020bf0000)]
  0x0000000021cc6000 JavaThread "Build operations Thread 3" [_thread_blocked, id=28016, stack(0x00000000209f0000,0x0000000020af0000)]
  0x0000000021cc4800 JavaThread "Build operations Thread 2" [_thread_blocked, id=9924, stack(0x00000000208f0000,0x00000000209f0000)]
  0x0000000021cbb800 JavaThread "Build operations" [_thread_blocked, id=31360, stack(0x00000000207f0000,0x00000000208f0000)]
  0x0000000021cc1800 JavaThread "Cache worker for cache directory md-rule (C:\Users\Bagus Wiryadika\.gradle\caches\6.5\md-rule)" [_thread_blocked, id=24064, stack(0x00000000205d0000,0x00000000206d0000)]
  0x0000000021cba000 JavaThread "Cache worker for cache directory md-supplier (C:\Users\Bagus Wiryadika\.gradle\caches\6.5\md-supplier)" [_thread_blocked, id=8008, stack(0x000000001de30000,0x000000001df30000)]
  0x0000000021cc0800 JavaThread "Cache worker for checksums cache (D:\1. Ongoing Stuff\Topik khusus mdi\project\sipandu-mobile\.gradle\checksums)" [_thread_blocked, id=31120, stack(0x000000001db30000,0x000000001dc30000)]
  0x0000000021cb9000 JavaThread "Cache worker for file hash cache (D:\1. Ongoing Stuff\Topik khusus mdi\project\sipandu-mobile\.gradle\6.5\fileHashes)" [_thread_blocked, id=14304, stack(0x000000001d930000,0x000000001da30000)]
  0x0000000021cc0000 JavaThread "Thread-134" [_thread_blocked, id=27916, stack(0x000000001d830000,0x000000001d930000)]
  0x0000000021cbf000 JavaThread "Stdin handler" [_thread_blocked, id=28776, stack(0x000000001d730000,0x000000001d830000)]
  0x0000000021cbe800 JavaThread "Asynchronous log dispatcher for DefaultDaemonConnection: socket connection from /127.0.0.1:49170 to /127.0.0.1:63981" [_thread_blocked, id=28180, stack(0x000000001d0f0000,0x000000001d1f0000)]
  0x0000000021cbd800 JavaThread "Daemon worker Thread 2" [_thread_in_native, id=28716, stack(0x000000001cff0000,0x000000001d0f0000)]
  0x0000000021cbd000 JavaThread "Cancel handler" [_thread_blocked, id=29424, stack(0x0000000000860000,0x0000000000960000)]
  0x0000000021cb8800 JavaThread "Handler for socket connection from /127.0.0.1:49170 to /127.0.0.1:63981" [_thread_in_native, id=18304, stack(0x0000000000760000,0x0000000000860000)]
  0x0000000021cba800 JavaThread "Daemon Thread 2" [_thread_blocked, id=31392, stack(0x0000000000660000,0x0000000000760000)]
  0x000000002192e800 JavaThread "Memory manager" [_thread_blocked, id=552, stack(0x000000002c4e0000,0x000000002c5e0000)]
  0x000000001969f800 JavaThread "Cache worker for file content cache (C:\Users\Bagus Wiryadika\.gradle\caches\6.5\fileContent)" [_thread_blocked, id=31440, stack(0x00000000239b0000,0x0000000023ab0000)]
  0x000000001969e000 JavaThread "Cache worker for execution history cache (C:\Users\Bagus Wiryadika\.gradle\caches\6.5\executionHistory)" [_thread_blocked, id=640, stack(0x00000000234b0000,0x00000000235b0000)]
  0x000000001b1a0000 JavaThread "Cache worker for file hash cache (C:\Users\Bagus Wiryadika\.gradle\caches\6.5\fileHashes)" [_thread_blocked, id=28720, stack(0x000000001f300000,0x000000001f400000)]
  0x000000001b19e800 JavaThread "File lock request listener" [_thread_in_native, id=32648, stack(0x000000001e230000,0x000000001e330000)]
  0x00000000196b2000 JavaThread "Cache worker for journal cache (C:\Users\Bagus Wiryadika\.gradle\caches\journal-1)" [_thread_blocked, id=30892, stack(0x000000001e130000,0x000000001e230000)]
  0x000000001a2c4000 JavaThread "Daemon periodic checks" [_thread_blocked, id=18588, stack(0x000000001d430000,0x000000001d530000)]
  0x000000001b763000 JavaThread "Incoming local TCP Connector on port 49170" [_thread_in_native, id=10776, stack(0x000000001d1f0000,0x000000001d2f0000)]
  0x000000001bb0b800 JavaThread "Daemon health stats" [_thread_blocked, id=10840, stack(0x000000001cbb0000,0x000000001ccb0000)]
  0x00000000193dc800 JavaThread "Service Thread" daemon [_thread_blocked, id=28472, stack(0x000000001a010000,0x000000001a110000)]
  0x0000000019353800 JavaThread "C1 CompilerThread3" daemon [_thread_blocked, id=30976, stack(0x0000000019f10000,0x000000001a010000)]
  0x000000001934c800 JavaThread "C2 CompilerThread2" daemon [_thread_blocked, id=13372, stack(0x0000000019e10000,0x0000000019f10000)]
=>0x0000000019345800 JavaThread "C2 CompilerThread1" daemon [_thread_in_native, id=23212, stack(0x0000000019d10000,0x0000000019e10000)]
  0x0000000019343800 JavaThread "C2 CompilerThread0" daemon [_thread_blocked, id=21936, stack(0x0000000019c10000,0x0000000019d10000)]
  0x0000000019340000 JavaThread "Attach Listener" daemon [_thread_blocked, id=26920, stack(0x0000000019b10000,0x0000000019c10000)]
  0x000000001933f000 JavaThread "Signal Dispatcher" daemon [_thread_blocked, id=30332, stack(0x0000000019a10000,0x0000000019b10000)]
  0x0000000019331000 JavaThread "Finalizer" daemon [_thread_blocked, id=30556, stack(0x0000000019810000,0x0000000019910000)]
  0x00000000024a7000 JavaThread "Reference Handler" daemon [_thread_blocked, id=1788, stack(0x0000000019710000,0x0000000019810000)]
  0x00000000023b2800 JavaThread "main" [_thread_blocked, id=32508, stack(0x0000000002220000,0x0000000002320000)]

Other Threads:
  0x0000000017516800 VMThread [stack: 0x0000000019210000,0x0000000019310000] [id=18128]
  0x00000000193dd800 WatcherThread [stack: 0x000000001a110000,0x000000001a210000] [id=19588]

VM state:not at safepoint (normal execution)

VM Mutex/Monitor currently owned by a thread: None

heap address: 0x0000000080000000, size: 2048 MB, Compressed Oops mode: 32-bit
Narrow klass base: 0x0000000000000000, Narrow klass shift: 3
Compressed class space size: 1073741824 Address: 0x0000000100000000

Heap:
 PSYoungGen      total 250368K, used 8563K [0x00000000d5580000, 0x00000000e8700000, 0x0000000100000000)
  eden space 230912K, 3% used [0x00000000d5580000,0x00000000d5ddcd18,0x00000000e3700000)
  from space 19456K, 0% used [0x00000000e3e80000,0x00000000e3e80000,0x00000000e5180000)
  to   space 40960K, 0% used [0x00000000e5f00000,0x00000000e5f00000,0x00000000e8700000)
 ParOldGen       total 183296K, used 62161K [0x0000000080000000, 0x000000008b300000, 0x00000000d5580000)
  object space 183296K, 33% used [0x0000000080000000,0x0000000083cb4480,0x000000008b300000)
 Metaspace       used 94915K, capacity 98724K, committed 100684K, reserved 1136640K
  class space    used 12534K, capacity 13319K, committed 13696K, reserved 1048576K

Card table byte_map: [0x0000000011870000,0x0000000011c80000] byte_map_base: 0x0000000011470000

Marking Bits: (ParMarkBitMap*) 0x000000006dd6f030
 Begin Bits: [0x0000000012730000, 0x0000000014730000)
 End Bits:   [0x0000000014730000, 0x0000000016730000)

Polling page: 0x0000000000a50000

CodeCache: size=245760Kb used=38856Kb max_used=38856Kb free=206903Kb
 bounds [0x00000000024b0000, 0x0000000004ad0000, 0x00000000114b0000]
 total_blobs=12658 nmethods=11757 adapters=811
 compilation: enabled

Compilation events (10 events):
Event: 2226.148 Thread 0x0000000019353800 13978       3       com.sun.tools.javac.util.ListBuffer::clear (23 bytes)
Event: 2226.148 Thread 0x0000000019353800 nmethod 13978 0x0000000004aa5d50 code [0x0000000004aa5ec0, 0x0000000004aa60b0]
Event: 2226.148 Thread 0x0000000019353800 13979       3       com.sun.tools.javac.util.ListBuffer::<init> (9 bytes)
Event: 2226.148 Thread 0x0000000019353800 nmethod 13979 0x0000000004aa5650 code [0x0000000004aa57e0, 0x0000000004aa5bd0]
Event: 2226.148 Thread 0x0000000019353800 13982       3       com.sun.tools.javac.parser.JavacParser::prec (21 bytes)
Event: 2226.148 Thread 0x0000000019353800 nmethod 13982 0x0000000004aab310 code [0x0000000004aab480, 0x0000000004aab678]
Event: 2226.148 Thread 0x0000000019353800 13974       3       com.sun.tools.javac.util.List$3::next (39 bytes)
Event: 2226.148 Thread 0x0000000019353800 nmethod 13974 0x0000000004aaae10 code [0x0000000004aaaf80, 0x0000000004aab1e8]
Event: 2226.148 Thread 0x0000000019353800 13973       3       com.sun.tools.javac.util.List::nonEmpty (13 bytes)
Event: 2226.148 Thread 0x0000000019353800 nmethod 13973 0x0000000004aaaa90 code [0x0000000004aaabe0, 0x0000000004aaad90]

GC Heap History (10 events):
Event: 2198.966 GC heap before
{Heap before GC invocations=17 (full 3):
 PSYoungGen      total 219648K, used 219629K [0x00000000d5580000, 0x00000000e6580000, 0x0000000100000000)
  eden space 198144K, 100% used [0x00000000d5580000,0x00000000e1700000,0x00000000e1700000)
  from space 21504K, 99% used [0x00000000e1700000,0x00000000e2bfb590,0x00000000e2c00000)
  to   space 26112K, 0% used [0x00000000e4c00000,0x00000000e4c00000,0x00000000e6580000)
 ParOldGen       total 183296K, used 38469K [0x0000000080000000, 0x000000008b300000, 0x00000000d5580000)
  object space 183296K, 20% used [0x0000000080000000,0x0000000082591778,0x000000008b300000)
 Metaspace       used 84063K, capacity 88252K, committed 88408K, reserved 1126400K
  class space    used 11284K, capacity 12139K, committed 12160K, reserved 1048576K
Event: 2199.181 GC heap after
Heap after GC invocations=17 (full 3):
 PSYoungGen      total 245248K, used 26090K [0x00000000d5580000, 0x00000000e7180000, 0x0000000100000000)
  eden space 219136K, 0% used [0x00000000d5580000,0x00000000d5580000,0x00000000e2b80000)
  from space 26112K, 99% used [0x00000000e4c00000,0x00000000e657a990,0x00000000e6580000)
  to   space 33280K, 0% used [0x00000000e2b80000,0x00000000e2b80000,0x00000000e4c00000)
 ParOldGen       total 183296K, used 48593K [0x0000000080000000, 0x000000008b300000, 0x00000000d5580000)
  object space 183296K, 26% used [0x0000000080000000,0x0000000082f747c8,0x000000008b300000)
 Metaspace       used 84063K, capacity 88252K, committed 88408K, reserved 1126400K
  class space    used 11284K, capacity 12139K, committed 12160K, reserved 1048576K
}
Event: 2204.237 GC heap before
{Heap before GC invocations=18 (full 3):
 PSYoungGen      total 245248K, used 245226K [0x00000000d5580000, 0x00000000e7180000, 0x0000000100000000)
  eden space 219136K, 100% used [0x00000000d5580000,0x00000000e2b80000,0x00000000e2b80000)
  from space 26112K, 99% used [0x00000000e4c00000,0x00000000e657a990,0x00000000e6580000)
  to   space 33280K, 0% used [0x00000000e2b80000,0x00000000e2b80000,0x00000000e4c00000)
 ParOldGen       total 183296K, used 48593K [0x0000000080000000, 0x000000008b300000, 0x00000000d5580000)
  object space 183296K, 26% used [0x0000000080000000,0x0000000082f747c8,0x000000008b300000)
 Metaspace       used 89802K, capacity 94216K, committed 94296K, reserved 1130496K
  class space    used 12006K, capacity 12911K, committed 12928K, reserved 1048576K
Event: 2204.305 GC heap after
Heap after GC invocations=18 (full 3):
 PSYoungGen      total 252416K, used 30140K [0x00000000d5580000, 0x00000000e9280000, 0x0000000100000000)
  eden space 219136K, 0% used [0x00000000d5580000,0x00000000d5580000,0x00000000e2b80000)
  from space 33280K, 90% used [0x00000000e2b80000,0x00000000e48ef0a8,0x00000000e4c00000)
  to   space 37376K, 0% used [0x00000000e6e00000,0x00000000e6e00000,0x00000000e9280000)
 ParOldGen       total 183296K, used 55706K [0x0000000080000000, 0x000000008b300000, 0x00000000d5580000)
  object space 183296K, 30% used [0x0000000080000000,0x0000000083666878,0x000000008b300000)
 Metaspace       used 89802K, capacity 94216K, committed 94296K, reserved 1130496K
  class space    used 12006K, capacity 12911K, committed 12928K, reserved 1048576K
}
Event: 2221.225 GC heap before
{Heap before GC invocations=19 (full 3):
 PSYoungGen      total 252416K, used 249276K [0x00000000d5580000, 0x00000000e9280000, 0x0000000100000000)
  eden space 219136K, 100% used [0x00000000d5580000,0x00000000e2b80000,0x00000000e2b80000)
  from space 33280K, 90% used [0x00000000e2b80000,0x00000000e48ef0a8,0x00000000e4c00000)
  to   space 37376K, 0% used [0x00000000e6e00000,0x00000000e6e00000,0x00000000e9280000)
 ParOldGen       total 183296K, used 55706K [0x0000000080000000, 0x000000008b300000, 0x00000000d5580000)
  object space 183296K, 30% used [0x0000000080000000,0x0000000083666878,0x000000008b300000)
 Metaspace       used 92082K, capacity 96636K, committed 96984K, reserved 1132544K
  class space    used 12242K, capacity 13189K, committed 13312K, reserved 1048576K
Event: 2221.274 GC heap after
Heap after GC invocations=19 (full 3):
 PSYoungGen      total 250368K, used 37353K [0x00000000d5580000, 0x00000000e9280000, 0x0000000100000000)
  eden space 212992K, 0% used [0x00000000d5580000,0x00000000d5580000,0x00000000e2580000)
  from space 37376K, 99% used [0x00000000e6e00000,0x00000000e927a5e0,0x00000000e9280000)
  to   space 43008K, 0% used [0x00000000e3e80000,0x00000000e3e80000,0x00000000e6880000)
 ParOldGen       total 183296K, used 55754K [0x0000000080000000, 0x000000008b300000, 0x00000000d5580000)
  object space 183296K, 30% used [0x0000000080000000,0x0000000083672a30,0x000000008b300000)
 Metaspace       used 92082K, capacity 96636K, committed 96984K, reserved 1132544K
  class space    used 12242K, capacity 13189K, committed 13312K, reserved 1048576K
}
Event: 2224.808 GC heap before
{Heap before GC invocations=20 (full 3):
 PSYoungGen      total 250368K, used 67123K [0x00000000d5580000, 0x00000000e9280000, 0x0000000100000000)
  eden space 212992K, 13% used [0x00000000d5580000,0x00000000d7292878,0x00000000e2580000)
  from space 37376K, 99% used [0x00000000e6e00000,0x00000000e927a5e0,0x00000000e9280000)
  to   space 43008K, 0% used [0x00000000e3e80000,0x00000000e3e80000,0x00000000e6880000)
 ParOldGen       total 183296K, used 55754K [0x0000000080000000, 0x000000008b300000, 0x00000000d5580000)
  object space 183296K, 30% used [0x0000000080000000,0x0000000083672a30,0x000000008b300000)
 Metaspace       used 93702K, capacity 98318K, committed 98380K, reserved 1134592K
  class space    used 12477K, capacity 13423K, committed 13440K, reserved 1048576K
Event: 2224.851 GC heap after
Heap after GC invocations=20 (full 3):
 PSYoungGen      total 250368K, used 19104K [0x00000000d5580000, 0x00000000e8700000, 0x0000000100000000)
  eden space 230912K, 0% used [0x00000000d5580000,0x00000000d5580000,0x00000000e3700000)
  from space 19456K, 98% used [0x00000000e3e80000,0x00000000e51280f0,0x00000000e5180000)
  to   space 40960K, 0% used [0x00000000e5f00000,0x00000000e5f00000,0x00000000e8700000)
 ParOldGen       total 183296K, used 73236K [0x0000000080000000, 0x000000008b300000, 0x00000000d5580000)
  object space 183296K, 39% used [0x0000000080000000,0x0000000084785278,0x000000008b300000)
 Metaspace       used 93702K, capacity 98318K, committed 98380K, reserved 1134592K
  class space    used 12477K, capacity 13423K, committed 13440K, reserved 1048576K
}
Event: 2224.851 GC heap before
{Heap before GC invocations=21 (full 4):
 PSYoungGen      total 250368K, used 19104K [0x00000000d5580000, 0x00000000e8700000, 0x0000000100000000)
  eden space 230912K, 0% used [0x00000000d5580000,0x00000000d5580000,0x00000000e3700000)
  from space 19456K, 98% used [0x00000000e3e80000,0x00000000e51280f0,0x00000000e5180000)
  to   space 40960K, 0% used [0x00000000e5f00000,0x00000000e5f00000,0x00000000e8700000)
 ParOldGen       total 183296K, used 73236K [0x0000000080000000, 0x000000008b300000, 0x00000000d5580000)
  object space 183296K, 39% used [0x0000000080000000,0x0000000084785278,0x000000008b300000)
 Metaspace       used 93702K, capacity 98318K, committed 98380K, reserved 1134592K
  class space    used 12477K, capacity 13423K, committed 13440K, reserved 1048576K
Event: 2225.643 GC heap after
Heap after GC invocations=21 (full 4):
 PSYoungGen      total 250368K, used 0K [0x00000000d5580000, 0x00000000e8700000, 0x0000000100000000)
  eden space 230912K, 0% used [0x00000000d5580000,0x00000000d5580000,0x00000000e3700000)
  from space 19456K, 0% used [0x00000000e3e80000,0x00000000e3e80000,0x00000000e5180000)
  to   space 40960K, 0% used [0x00000000e5f00000,0x00000000e5f00000,0x00000000e8700000)
 ParOldGen       total 183296K, used 62161K [0x0000000080000000, 0x000000008b300000, 0x00000000d5580000)
  object space 183296K, 33% used [0x0000000080000000,0x0000000083cb4480,0x000000008b300000)
 Metaspace       used 92726K, capacity 96484K, committed 98380K, reserved 1134592K
  class space    used 12279K, capacity 13063K, committed 13440K, reserved 1048576K
}

Deoptimization events (10 events):
Event: 2221.458 Thread 0x0000000021cbd800 Uncommon trap: reason=class_check action=maybe_recompile pc=0x00000000049f6c10 method=org.gradle.api.internal.tasks.compile.incremental.deps.ClassSetAnalysisData.getDependents(Ljava/lang/String;)Lorg/gradle/api/internal/tasks/compile/incremental/deps/Depe
Event: 2221.668 Thread 0x00000000217be000 Uncommon trap: reason=unstable_if action=reinterpret pc=0x00000000026b91ac method=org.gradle.internal.time.DefaultCountdownTimer.hasExpired()Z @ 6
Event: 2222.818 Thread 0x0000000021cbd800 Uncommon trap: reason=class_check action=maybe_recompile pc=0x0000000004a21f78 method=org.objectweb.asm.ClassReader.readCode(Lorg/objectweb/asm/MethodVisitor;Lorg/objectweb/asm/Context;I)V @ 4237
Event: 2222.818 Thread 0x0000000021cbd800 Uncommon trap: reason=class_check action=maybe_recompile pc=0x0000000004a1dea0 method=org.objectweb.asm.ClassReader.readCode(Lorg/objectweb/asm/MethodVisitor;Lorg/objectweb/asm/Context;I)V @ 3875
Event: 2222.818 Thread 0x0000000021cbd800 Uncommon trap: reason=class_check action=maybe_recompile pc=0x0000000004a1dea0 method=org.objectweb.asm.ClassReader.readCode(Lorg/objectweb/asm/MethodVisitor;Lorg/objectweb/asm/Context;I)V @ 3875
Event: 2222.818 Thread 0x0000000021cbd800 Uncommon trap: reason=class_check action=maybe_recompile pc=0x0000000004a1dea0 method=org.objectweb.asm.ClassReader.readCode(Lorg/objectweb/asm/MethodVisitor;Lorg/objectweb/asm/Context;I)V @ 3875
Event: 2223.114 Thread 0x0000000021cbd800 Uncommon trap: reason=bimorphic action=maybe_recompile pc=0x00000000049dcec4 method=org.gradle.api.internal.tasks.compile.incremental.deps.DependentsSet.dependents(Ljava/util/Set;Ljava/util/Set;Ljava/util/Set;)Lorg/gradle/api/internal/tasks/compile/increm
Event: 2223.114 Thread 0x0000000021cbd800 Uncommon trap: reason=bimorphic action=maybe_recompile pc=0x00000000049dcec4 method=org.gradle.api.internal.tasks.compile.incremental.deps.DependentsSet.dependents(Ljava/util/Set;Ljava/util/Set;Ljava/util/Set;)Lorg/gradle/api/internal/tasks/compile/increm
Event: 2223.114 Thread 0x0000000021cbd800 Uncommon trap: reason=bimorphic action=maybe_recompile pc=0x00000000049dd4fc method=org.gradle.api.internal.tasks.compile.incremental.deps.DependentsSet.dependents(Ljava/util/Set;Ljava/util/Set;Ljava/util/Set;)Lorg/gradle/api/internal/tasks/compile/increm
Event: 2225.644 Thread 0x00000000024a7000 Uncommon trap: reason=unstable_if action=reinterpret pc=0x000000000263aa78 method=java.lang.ref.Reference.tryHandlePending(Z)Z @ 20

Classes redefined (0 events):
No events

Internal exceptions (10 events):
Event: 2205.579 Thread 0x0000000021cbd800 Exception <a 'java/lang/NoSuchMethodError': <clinit>> (0x00000000da8333f0) thrown at [C:\src\AOSP-openjdk-git\hotspot\src\share\vm\prims\jni.cpp, line 1615]
Event: 2214.873 Thread 0x00000000217c1000 Exception <a 'sun/nio/fs/WindowsException'> (0x00000000dc801e18) thrown at [C:\src\AOSP-openjdk-git\hotspot\src\share\vm\prims\jni.cpp, line 710]
Event: 2214.880 Thread 0x00000000217c1000 Exception <a 'sun/nio/fs/WindowsException'> (0x00000000dc8206a0) thrown at [C:\src\AOSP-openjdk-git\hotspot\src\share\vm\prims\jni.cpp, line 710]
Event: 2214.880 Thread 0x00000000217c1000 Exception <a 'sun/nio/fs/WindowsException'> (0x00000000dc820b48) thrown at [C:\src\AOSP-openjdk-git\hotspot\src\share\vm\prims\jni.cpp, line 710]
Event: 2216.304 Thread 0x0000000021cbd800 Exception <a 'sun/nio/fs/WindowsException'> (0x00000000e0baa9a8) thrown at [C:\src\AOSP-openjdk-git\hotspot\src\share\vm\prims\jni.cpp, line 710]
Event: 2216.305 Thread 0x0000000021cbd800 Exception <a 'sun/nio/fs/WindowsException'> (0x00000000e0bac228) thrown at [C:\src\AOSP-openjdk-git\hotspot\src\share\vm\prims\jni.cpp, line 710]
Event: 2216.306 Thread 0x0000000021cbd800 Exception <a 'sun/nio/fs/WindowsException'> (0x00000000e0bb4ae8) thrown at [C:\src\AOSP-openjdk-git\hotspot\src\share\vm\prims\jni.cpp, line 710]
Event: 2216.307 Thread 0x0000000021cbd800 Exception <a 'sun/nio/fs/WindowsException'> (0x00000000e0bb63a8) thrown at [C:\src\AOSP-openjdk-git\hotspot\src\share\vm\prims\jni.cpp, line 710]
Event: 2216.307 Thread 0x0000000021cbd800 Exception <a 'sun/nio/fs/WindowsException'> (0x00000000e0bb8ef0) thrown at [C:\src\AOSP-openjdk-git\hotspot\src\share\vm\prims\jni.cpp, line 710]
Event: 2216.307 Thread 0x0000000021cbd800 Exception <a 'sun/nio/fs/WindowsException'> (0x00000000e0bba7c0) thrown at [C:\src\AOSP-openjdk-git\hotspot\src\share\vm\prims\jni.cpp, line 710]

Events (10 events):
Event: 2226.018 loading class com/sun/tools/javac/parser/JavadocTokenizer$JavadocComment
Event: 2226.018 loading class com/sun/tools/javac/parser/JavadocTokenizer$JavadocComment done
Event: 2226.018 loading class com/sun/tools/javac/parser/JavaTokenizer$BasicComment
Event: 2226.018 loading class com/sun/tools/javac/parser/JavaTokenizer$BasicComment done
Event: 2226.019 loading class com/sun/tools/javac/parser/JavadocTokenizer$DocReader
Event: 2226.019 loading class com/sun/tools/javac/parser/JavadocTokenizer$DocReader done
Event: 2226.019 Executing VM operation: Deoptimize
Event: 2226.021 Executing VM operation: Deoptimize done
Event: 2226.021 Thread 0x0000000021cbd800 DEOPT PACKING pc=0x0000000004a5b7c4 sp=0x000000001d0e7740
Event: 2226.021 Thread 0x0000000021cbd800 DEOPT UNPACKING pc=0x00000000024f75d0 sp=0x000000001d0e7788 mode 0


Dynamic libraries:
0x00007ff63e540000 - 0x00007ff63e571000 	C:\Program Files\Android\Android Studio\jre\bin\java.exe
0x00007ffecdb70000 - 0x00007ffecdd65000 	C:\WINDOWS\SYSTEM32\ntdll.dll
0x00007ffeccab0000 - 0x00007ffeccb6d000 	C:\WINDOWS\System32\KERNEL32.DLL
0x00007ffecb520000 - 0x00007ffecb7e8000 	C:\WINDOWS\System32\KERNELBASE.dll
0x00007ffecbc30000 - 0x00007ffecbcdc000 	C:\WINDOWS\System32\ADVAPI32.dll
0x00007ffecc580000 - 0x00007ffecc61e000 	C:\WINDOWS\System32\msvcrt.dll
0x00007ffecbd10000 - 0x00007ffecbdab000 	C:\WINDOWS\System32\sechost.dll
0x00007ffecc980000 - 0x00007ffeccaab000 	C:\WINDOWS\System32\RPCRT4.dll
0x00007ffecd720000 - 0x00007ffecd8c0000 	C:\WINDOWS\System32\USER32.dll
0x00007ffecb360000 - 0x00007ffecb382000 	C:\WINDOWS\System32\win32u.dll
0x00007ffecbce0000 - 0x00007ffecbd0a000 	C:\WINDOWS\System32\GDI32.dll
0x00007ffecb410000 - 0x00007ffecb51b000 	C:\WINDOWS\System32\gdi32full.dll
0x00007ffecb820000 - 0x00007ffecb8bd000 	C:\WINDOWS\System32\msvcp_win.dll
0x00007ffecb910000 - 0x00007ffecba10000 	C:\WINDOWS\System32\ucrtbase.dll
0x00007ffeb14f0000 - 0x00007ffeb178a000 	C:\WINDOWS\WinSxS\amd64_microsoft.windows.common-controls_6595b64144ccf1df_6.0.19041.844_none_ca00b6081b84eb1d\COMCTL32.dll
0x00007ffecd6f0000 - 0x00007ffecd720000 	C:\WINDOWS\System32\IMM32.DLL
0x000000006f5d0000 - 0x000000006f6a2000 	C:\Program Files\Android\Android Studio\jre\jre\bin\msvcr100.dll
0x000000006d5a0000 - 0x000000006ddeb000 	C:\Program Files\Android\Android Studio\jre\jre\bin\server\jvm.dll
0x00007ffecd8c0000 - 0x00007ffecd8c8000 	C:\WINDOWS\System32\PSAPI.DLL
0x00007ffeaac20000 - 0x00007ffeaac29000 	C:\WINDOWS\SYSTEM32\WSOCK32.dll
0x00007ffeb1d30000 - 0x00007ffeb1d57000 	C:\WINDOWS\SYSTEM32\WINMM.dll
0x00007ffec4b50000 - 0x00007ffec4b5a000 	C:\WINDOWS\SYSTEM32\VERSION.dll
0x00007ffeccb70000 - 0x00007ffeccbdb000 	C:\WINDOWS\System32\WS2_32.dll
0x00007ffec2fd0000 - 0x00007ffec2fdf000 	C:\Program Files\Android\Android Studio\jre\jre\bin\verify.dll
0x00007ffea01e0000 - 0x00007ffea0209000 	C:\Program Files\Android\Android Studio\jre\jre\bin\java.dll
0x00007ffea6c20000 - 0x00007ffea6c36000 	C:\Program Files\Android\Android Studio\jre\jre\bin\zip.dll
0x00007ffeccf40000 - 0x00007ffecd682000 	C:\WINDOWS\System32\SHELL32.dll
0x00007ffec92e0000 - 0x00007ffec9a70000 	C:\WINDOWS\SYSTEM32\windows.storage.dll
0x00007ffecc620000 - 0x00007ffecc975000 	C:\WINDOWS\System32\combase.dll
0x00007ffecad20000 - 0x00007ffecad4c000 	C:\WINDOWS\SYSTEM32\Wldp.dll
0x00007ffecda80000 - 0x00007ffecdb2e000 	C:\WINDOWS\System32\SHCORE.dll
0x00007ffecbf90000 - 0x00007ffecbfe5000 	C:\WINDOWS\System32\shlwapi.dll
0x00007ffecb1f0000 - 0x00007ffecb20f000 	C:\WINDOWS\SYSTEM32\profapi.dll
0x00007ffea01c0000 - 0x00007ffea01da000 	C:\Program Files\Android\Android Studio\jre\jre\bin\net.dll
0x00007ffecaa90000 - 0x00007ffecaafa000 	C:\WINDOWS\system32\mswsock.dll
0x00007ffe9ff30000 - 0x00007ffe9ff43000 	C:\Program Files\Android\Android Studio\jre\jre\bin\nio.dll
0x00007ffe8ecf0000 - 0x00007ffe8ed17000 	C:\Users\Bagus Wiryadika\.gradle\native\f6784746aeab05261644944871eae4fe03e0ef1612fff0a4a95f87b438bc6780\windows-amd64\native-platform.dll
0x00007ffec18d0000 - 0x00007ffec18dd000 	C:\Program Files\Android\Android Studio\jre\jre\bin\management.dll
0x00007ffecac60000 - 0x00007ffecac78000 	C:\WINDOWS\SYSTEM32\CRYPTSP.dll
0x00007ffeca3c0000 - 0x00007ffeca3f4000 	C:\WINDOWS\system32\rsaenh.dll
0x00007ffecb7f0000 - 0x00007ffecb817000 	C:\WINDOWS\System32\bcrypt.dll
0x00007ffecb1b0000 - 0x00007ffecb1de000 	C:\WINDOWS\SYSTEM32\USERENV.dll
0x00007ffecb390000 - 0x00007ffecb410000 	C:\WINDOWS\System32\bcryptprimitives.dll
0x00007ffecac80000 - 0x00007ffecac8c000 	C:\WINDOWS\SYSTEM32\CRYPTBASE.dll
0x00007ffeca730000 - 0x00007ffeca76b000 	C:\WINDOWS\SYSTEM32\IPHLPAPI.DLL
0x00007ffeccce0000 - 0x00007ffeccce8000 	C:\WINDOWS\System32\NSI.dll
0x00007ffec0030000 - 0x00007ffec0047000 	C:\WINDOWS\SYSTEM32\dhcpcsvc6.DLL
0x00007ffebffd0000 - 0x00007ffebffed000 	C:\WINDOWS\SYSTEM32\dhcpcsvc.DLL
0x00007ffeca770000 - 0x00007ffeca83c000 	C:\WINDOWS\SYSTEM32\DNSAPI.dll
0x00007ffec0a40000 - 0x00007ffec0a4b000 	C:\WINDOWS\SYSTEM32\WINNSI.DLL
0x00007ffe9a500000 - 0x00007ffe9a524000 	C:\Program Files\Android\Android Studio\jre\jre\bin\sunec.dll
0x000000006f100000 - 0x000000006f126000 	C:\Program Files\Bonjour\mdnsNSP.dll
0x00007ffebb9e0000 - 0x00007ffebb9ea000 	C:\Windows\System32\rasadhlp.dll
0x00007ffebb350000 - 0x00007ffebb3cf000 	C:\WINDOWS\System32\fwpuclnt.dll
0x00007ffec1840000 - 0x00007ffec184b000 	C:\Program Files\Android\Android Studio\jre\jre\bin\sunmscapi.dll
0x00007ffecba70000 - 0x00007ffecbbcf000 	C:\WINDOWS\System32\CRYPT32.dll

VM Arguments:
jvm_args: -Xmx2048m -Dfile.encoding=UTF-8 -Duser.country=US -Duser.language=en -Duser.variant 
java_command: org.gradle.launcher.daemon.bootstrap.GradleDaemon 6.5
java_class_path (initial): C:\Users\Bagus Wiryadika\.gradle\wrapper\dists\gradle-6.5-bin\6nifqtx7604sqp1q6g8wikw7p\gradle-6.5\lib\gradle-launcher-6.5.jar
Launcher Type: SUN_STANDARD

Environment Variables:
JAVA_HOME=C:\Program Files\Java\jdk1.8.0_271
PATH=C:\Program Files (x86)\Common Files\Oracle\Java\javapath;C:\Program Files (x86)\Common Files\Intel\Shared Libraries\redist\intel64\compiler;C:\Windows\system32;C:\Windows;C:\Windows\System32\Wbem;C:\Windows\System32\WindowsPowerShell\v1.0\;C:\Windows\System32\OpenSSH\;C:\Program Files (x86)\NVIDIA Corporation\PhysX\Common;C:\Program Files\Intel\WiFi\bin\;C:\Program Files\Common Files\Intel\WirelessCommon\;C:\WINDOWS\system32;C:\WINDOWS;C:\WINDOWS\System32\Wbem;C:\WINDOWS\System32\WindowsPowerShell\v1.0\;C:\WINDOWS\System32\OpenSSH\;C:\Program Files\Microsoft VS Code\bin;C:\ProgramData\ComposerSetup\bin;C:\Program Files\PuTTY\;C:\Program Files\dotnet\;C:\ProgramData\chocolatey\bin;C:\chrome-driver;C:\Program Files (x86)\NoteBook FanControl\;C:\Users\Bagus Wiryadika\AppData\Local\atom\bin;C:\Program Files\JetBrains\PyCharm 2020.1\bin;C:\Program Files\JetBrains\IntelliJ IDEA 2020.1\bin;C:\xampp\php;C:\Users\Bagus Wiryadika\AppData\Local\GitHubDesktop\bin;C:\Program Files\Python37;C:\xampp\mysql\bin;C:\Users\Bagus Wiryadika\AppData\Roaming\Composer\vendor\bin;C:\Users\Bagus Wiryadika\AppData\Local\Android\Sdk\platform-tools;C:\Program Files\Python37\Scripts;C:\Users\Bagus Wiryadika\AppData\Local\Microsoft\WindowsApps;C:\Users\Bagus Wiryadika\AppData\Roaming\Python\Python37\Scripts;C:\chrome-driver;C:\Program Files\heroku\bin;C:\fluttersdk\flutter\bin;C:\git\bin;
USERNAME=Bagus Wiryadika
OS=Windows_NT
PROCESSOR_IDENTIFIER=Intel64 Family 6 Model 142 Stepping 11, GenuineIntel



---------------  S Y S T E M  ---------------

OS: Windows 10.0 , 64 bit Build 19041 (10.0.19041.928)

CPU:total 8 (initial active 8) (4 cores per cpu, 2 threads per core) family 6 model 142 stepping 11, cmov, cx8, fxsr, mmx, sse, sse2, sse3, ssse3, sse4.1, sse4.2, popcnt, avx, avx2, aes, clmul, erms, 3dnowpref, lzcnt, ht, tsc, tscinvbit, bmi1, bmi2, adx

Memory: 4k page, physical 12430704k(895992k free), swap 27713304k(24k free)

vm_info: OpenJDK 64-Bit Server VM (25.242-b01) for windows-amd64 JRE (1.8.0_242-release-1644-b01), built by "builder" with MS VC++ 10.0 (VS2010)

time: Sun May 16 05:30:15 2021
timezone: Malay Peninsula Standard Time
elapsed time: 2226 seconds (0d 0h 37m 6s)

